Watching for file changes with StatReloader
Watching for file changes with StatReloader
"GET / HTTP/1.1" 200 23591
"GET / HTTP/1.1" 200 23591
"GET /static/css/custom.css HTTP/1.1" 200 25
"GET /static/css/custom.css HTTP/1.1" 200 25
"GET /static/vendor/owl.carousel/assets/owl.theme.default.css HTTP/1.1" 200 1380
"GET /static/vendor/owl.carousel/assets/owl.carousel.css HTTP/1.1" 200 4744
"GET /static/vendor/owl.carousel/assets/owl.carousel.css HTTP/1.1" 200 4744
"GET /static/vendor/owl.carousel/assets/owl.theme.default.css HTTP/1.1" 200 1380
"GET /static/vendor/font-awesome/css/font-awesome.min.css HTTP/1.1" 200 31396
"GET /static/vendor/font-awesome/css/font-awesome.min.css HTTP/1.1" 200 31396
"GET /static/css/style.default.css HTTP/1.1" 200 57334
"GET /static/css/style.default.css HTTP/1.1" 200 57334
"GET /static/vendor/bootstrap/css/bootstrap.min.css HTTP/1.1" 200 140930
"GET /static/vendor/bootstrap/css/bootstrap.min.css HTTP/1.1" 200 140930
"GET /static/vendor/popper.js/umd/popper.min.js HTTP/1.1" 200 20337
"GET /static/vendor/jquery.cookie/jquery.cookie.js HTTP/1.1" 200 3121
"GET /static/vendor/popper.js/umd/popper.min.js HTTP/1.1" 200 20337
"GET /static/vendor/jquery.cookie/jquery.cookie.js HTTP/1.1" 200 3121
"GET /static/vendor/bootstrap/js/bootstrap.min.js HTTP/1.1" 200 50731
"GET /static/vendor/bootstrap/js/bootstrap.min.js HTTP/1.1" 200 50731
"GET /static/vendor/bootstrap-select/js/bootstrap-select.min.js HTTP/1.1" 200 44448
"GET /static/vendor/bootstrap-select/js/bootstrap-select.min.js HTTP/1.1" 200 44448
"GET /static/js/front.js HTTP/1.1" 200 8053
"GET /static/js/front.js HTTP/1.1" 200 8053
"GET /static/img/logo-small.png HTTP/1.1" 200 5152
"GET /static/img/logo-small.png HTTP/1.1" 200 5152
"GET /static/img/company-1.png HTTP/1.1" 200 3494
"GET /static/img/company-1.png HTTP/1.1" 200 3494
"GET /static/vendor/owl.carousel/owl.carousel.min.js HTTP/1.1" 200 44342
"GET /static/vendor/owl.carousel/owl.carousel.min.js HTTP/1.1" 200 44342
"GET /static/img/featured1.jpg HTTP/1.1" 200 121881
"GET /static/img/featured1.jpg HTTP/1.1" 200 121881
"GET /static/vendor/jquery/jquery.min.js HTTP/1.1" 200 86927
"GET /static/vendor/jquery/jquery.min.js HTTP/1.1" 200 86927
"GET /static/img/startup.jpg HTTP/1.1" 404 1671
"GET /static/img/startup.jpg HTTP/1.1" 404 1671
"GET /static/img/meeting.jpg HTTP/1.1" 200 144248
"GET /static/img/meeting.jpg HTTP/1.1" 200 144248
Not Found: /favicon.png
Not Found: /favicon.png
"GET /favicon.png HTTP/1.1" 404 4395
"GET /favicon.png HTTP/1.1" 404 4395
"GET /admin HTTP/1.1" 301 0
"GET /admin HTTP/1.1" 301 0
"GET /admin/ HTTP/1.1" 302 0
"GET /admin/ HTTP/1.1" 302 0
"GET /admin/login/?next=/admin/ HTTP/1.1" 200 1910
"GET /admin/login/?next=/admin/ HTTP/1.1" 200 1910
"GET /static/admin/css/responsive.css HTTP/1.1" 200 18052
"GET /static/admin/css/responsive.css HTTP/1.1" 200 18052
"GET /static/admin/css/login.css HTTP/1.1" 200 1233
"GET /static/admin/css/login.css HTTP/1.1" 200 1233
"GET /static/admin/css/base.css HTTP/1.1" 200 16378
"GET /static/admin/css/base.css HTTP/1.1" 200 16378
"GET /static/admin/css/fonts.css HTTP/1.1" 200 423
"GET /static/admin/css/fonts.css HTTP/1.1" 200 423
"GET /static/admin/fonts/Roboto-Regular-webfont.woff HTTP/1.1" 200 85876
"GET /static/admin/fonts/Roboto-Regular-webfont.woff HTTP/1.1" 200 85876
"GET /static/admin/fonts/Roboto-Light-webfont.woff HTTP/1.1" 200 85692
"GET /static/admin/fonts/Roboto-Light-webfont.woff HTTP/1.1" 200 85692
Not Found: /favicon.ico
Not Found: /favicon.ico
"GET /favicon.ico HTTP/1.1" 404 4395
"GET /favicon.ico HTTP/1.1" 404 4395
"POST /admin/login/?next=/admin/ HTTP/1.1" 302 0
"POST /admin/login/?next=/admin/ HTTP/1.1" 302 0
"GET /admin/ HTTP/1.1" 200 3336
"GET /admin/ HTTP/1.1" 200 3336
"GET /static/admin/css/dashboard.css HTTP/1.1" 200 412
"GET /static/admin/css/dashboard.css HTTP/1.1" 200 412
"GET /static/admin/img/icon-addlink.svg HTTP/1.1" 200 331
"GET /static/admin/img/icon-addlink.svg HTTP/1.1" 200 331
"GET /static/admin/img/icon-changelink.svg HTTP/1.1" 200 380
"GET /static/admin/img/icon-changelink.svg HTTP/1.1" 200 380
"GET /static/admin/fonts/Roboto-Bold-webfont.woff HTTP/1.1" 200 86184
"GET /static/admin/fonts/Roboto-Bold-webfont.woff HTTP/1.1" 200 86184
"GET / HTTP/1.1" 200 23591
"GET / HTTP/1.1" 200 23591
"GET /static/img/startup.jpg HTTP/1.1" 404 1671
"GET /static/img/startup.jpg HTTP/1.1" 404 1671
"GET / HTTP/1.1" 200 7358
"GET / HTTP/1.1" 200 7358
"GET / HTTP/1.1" 200 7358
"GET / HTTP/1.1" 200 7358
"GET /static/vendor/popper.js/umd/popper.min.js.map HTTP/1.1" 404 1740
"GET /static/vendor/popper.js/umd/popper.min.js.map HTTP/1.1" 404 1740
"GET /static/vendor/bootstrap/js/bootstrap.min.js.map HTTP/1.1" 404 1746
"GET /static/vendor/bootstrap/js/bootstrap.min.js.map HTTP/1.1" 404 1746
"GET /static/vendor/bootstrap-select/js/bootstrap-select.js.map HTTP/1.1" 404 1776
"GET /static/vendor/bootstrap-select/js/bootstrap-select.js.map HTTP/1.1" 404 1776
"GET /static/vendor/bootstrap/css/bootstrap.min.css.map HTTP/1.1" 404 1752
"GET /static/vendor/bootstrap/css/bootstrap.min.css.map HTTP/1.1" 404 1752
"GET / HTTP/1.1" 200 7358
"GET / HTTP/1.1" 200 7358
"GET /static/vendor/popper.js/umd/popper.min.js.map HTTP/1.1" 404 1740
"GET /static/vendor/popper.js/umd/popper.min.js.map HTTP/1.1" 404 1740
"GET /static/vendor/bootstrap/js/bootstrap.min.js.map HTTP/1.1" 404 1746
"GET /static/vendor/bootstrap/js/bootstrap.min.js.map HTTP/1.1" 404 1746
"GET /static/vendor/bootstrap-select/js/bootstrap-select.js.map HTTP/1.1" 404 1776
"GET /static/vendor/bootstrap-select/js/bootstrap-select.js.map HTTP/1.1" 404 1776
"GET /static/vendor/bootstrap/css/bootstrap.min.css.map HTTP/1.1" 404 1752
"GET /static/vendor/bootstrap/css/bootstrap.min.css.map HTTP/1.1" 404 1752
"GET / HTTP/1.1" 200 7358
"GET / HTTP/1.1" 200 7358
"GET /static/vendor/bootstrap/css/bootstrap.min.css.map HTTP/1.1" 404 1752
"GET /static/vendor/bootstrap/css/bootstrap.min.css.map HTTP/1.1" 404 1752
"GET /static/vendor/popper.js/umd/popper.min.js.map HTTP/1.1" 404 1740
"GET /static/vendor/popper.js/umd/popper.min.js.map HTTP/1.1" 404 1740
"GET /static/vendor/bootstrap/js/bootstrap.min.js.map HTTP/1.1" 404 1746
"GET /static/vendor/bootstrap/js/bootstrap.min.js.map HTTP/1.1" 404 1746
"GET /static/vendor/bootstrap-select/js/bootstrap-select.js.map HTTP/1.1" 404 1776
"GET /static/vendor/bootstrap-select/js/bootstrap-select.js.map HTTP/1.1" 404 1776
"GET / HTTP/1.1" 200 7358
"GET / HTTP/1.1" 200 7358
"GET /static/vendor/bootstrap/css/bootstrap.min.css.map HTTP/1.1" 404 1752
"GET /static/vendor/bootstrap/css/bootstrap.min.css.map HTTP/1.1" 404 1752
"GET /static/vendor/popper.js/umd/popper.min.js.map HTTP/1.1" 404 1740
"GET /static/vendor/popper.js/umd/popper.min.js.map HTTP/1.1" 404 1740
"GET /static/vendor/bootstrap/js/bootstrap.min.js.map HTTP/1.1" 404 1746
"GET /static/vendor/bootstrap/js/bootstrap.min.js.map HTTP/1.1" 404 1746
"GET /static/vendor/bootstrap-select/js/bootstrap-select.js.map HTTP/1.1" 404 1776
"GET /static/vendor/bootstrap-select/js/bootstrap-select.js.map HTTP/1.1" 404 1776
"GET /admin/ HTTP/1.1" 200 3336
"GET /admin/ HTTP/1.1" 200 3336
"GET /static/admin/css/base.css HTTP/1.1" 304 0
"GET /static/admin/css/base.css HTTP/1.1" 304 0
"GET /static/admin/css/dashboard.css HTTP/1.1" 304 0
"GET /static/admin/css/dashboard.css HTTP/1.1" 304 0
"GET /static/admin/css/responsive.css HTTP/1.1" 304 0
"GET /static/admin/css/responsive.css HTTP/1.1" 304 0
"GET /static/admin/css/fonts.css HTTP/1.1" 304 0
"GET /static/admin/css/fonts.css HTTP/1.1" 304 0
"GET /static/admin/img/icon-addlink.svg HTTP/1.1" 304 0
"GET /static/admin/img/icon-addlink.svg HTTP/1.1" 304 0
"GET /static/admin/img/icon-changelink.svg HTTP/1.1" 304 0
"GET /static/admin/img/icon-changelink.svg HTTP/1.1" 304 0
"GET /static/admin/fonts/Roboto-Light-webfont.woff HTTP/1.1" 304 0
"GET /static/admin/fonts/Roboto-Light-webfont.woff HTTP/1.1" 304 0
"GET /static/admin/fonts/Roboto-Bold-webfont.woff HTTP/1.1" 304 0
"GET /static/admin/fonts/Roboto-Bold-webfont.woff HTTP/1.1" 304 0
"GET /static/admin/fonts/Roboto-Regular-webfont.woff HTTP/1.1" 304 0
"GET /static/admin/fonts/Roboto-Regular-webfont.woff HTTP/1.1" 304 0
"GET / HTTP/1.1" 200 7358
"GET / HTTP/1.1" 200 7358
"GET / HTTP/1.1" 200 7358
"GET / HTTP/1.1" 200 7358
"GET / HTTP/1.1" 200 7358
"GET / HTTP/1.1" 200 7358
Watching for file changes with StatReloader
Watching for file changes with StatReloader
"GET / HTTP/1.1" 200 7358
"GET / HTTP/1.1" 200 7358
"GET /static/vendor/bootstrap/js/bootstrap.min.js.map HTTP/1.1" 404 1746
"GET /static/vendor/popper.js/umd/popper.min.js.map HTTP/1.1" 404 1740
"GET /static/vendor/bootstrap/js/bootstrap.min.js.map HTTP/1.1" 404 1746
"GET /static/vendor/bootstrap-select/js/bootstrap-select.js.map HTTP/1.1" 404 1776
"GET /static/vendor/bootstrap-select/js/bootstrap-select.js.map HTTP/1.1" 404 1776
"GET /static/vendor/bootstrap/css/bootstrap.min.css.map HTTP/1.1" 404 1752
"GET /static/vendor/popper.js/umd/popper.min.js.map HTTP/1.1" 404 1740
"GET /static/vendor/bootstrap/css/bootstrap.min.css.map HTTP/1.1" 404 1752
"GET / HTTP/1.1" 200 7358
"GET / HTTP/1.1" 200 7358
"GET /static/vendor/bootstrap/css/bootstrap.min.css.map HTTP/1.1" 404 1752
"GET /static/vendor/bootstrap/css/bootstrap.min.css.map HTTP/1.1" 404 1752
"GET /static/vendor/popper.js/umd/popper.min.js.map HTTP/1.1" 404 1740
"GET /static/vendor/popper.js/umd/popper.min.js.map HTTP/1.1" 404 1740
"GET /static/vendor/bootstrap/js/bootstrap.min.js.map HTTP/1.1" 404 1746
"GET /static/vendor/bootstrap-select/js/bootstrap-select.js.map HTTP/1.1" 404 1776
"GET /static/vendor/bootstrap/js/bootstrap.min.js.map HTTP/1.1" 404 1746
"GET /static/vendor/bootstrap-select/js/bootstrap-select.js.map HTTP/1.1" 404 1776
"GET / HTTP/1.1" 200 7358
"GET / HTTP/1.1" 200 7358
"GET /static/css/style.default.css HTTP/1.1" 200 57334
"GET /static/css/style.default.css HTTP/1.1" 200 57334
"GET /static/css/custom.css HTTP/1.1" 200 25
"GET /static/css/custom.css HTTP/1.1" 200 25
"GET /static/vendor/font-awesome/css/font-awesome.min.css HTTP/1.1" 200 31396
"GET /static/vendor/font-awesome/css/font-awesome.min.css HTTP/1.1" 200 31396
"GET /static/vendor/owl.carousel/assets/owl.carousel.css HTTP/1.1" 200 4744
"GET /static/vendor/owl.carousel/assets/owl.carousel.css HTTP/1.1" 200 4744
"GET /static/vendor/owl.carousel/assets/owl.theme.default.css HTTP/1.1" 200 1380
"GET /static/vendor/owl.carousel/assets/owl.theme.default.css HTTP/1.1" 200 1380
"GET /static/vendor/bootstrap/css/bootstrap.min.css HTTP/1.1" 200 140930
"GET /static/vendor/bootstrap/css/bootstrap.min.css HTTP/1.1" 200 140930
"GET /static/vendor/jquery/jquery.min.js HTTP/1.1" 200 86927
"GET /static/vendor/jquery/jquery.min.js HTTP/1.1" 200 86927
"GET /static/js/front.js HTTP/1.1" 200 8053
"GET /static/js/front.js HTTP/1.1" 200 8053
"GET /static/vendor/jquery.cookie/jquery.cookie.js HTTP/1.1" 200 3121
"GET /static/vendor/jquery.cookie/jquery.cookie.js HTTP/1.1" 200 3121
"GET /static/img/logo-small.png HTTP/1.1" 200 7451
"GET /static/img/logo-small.png HTTP/1.1" 200 7451
"GET /static/vendor/owl.carousel/owl.carousel.min.js HTTP/1.1" 200 44342
"GET /static/vendor/owl.carousel/owl.carousel.min.js HTTP/1.1" 200 44342
"GET /static/vendor/popper.js/umd/popper.min.js HTTP/1.1" 200 20337
"GET /static/vendor/popper.js/umd/popper.min.js HTTP/1.1" 200 20337
"GET /static/vendor/bootstrap-select/js/bootstrap-select.min.js HTTP/1.1" 200 44448
"GET /static/vendor/bootstrap-select/js/bootstrap-select.min.js HTTP/1.1" 200 44448
"GET /static/vendor/bootstrap/js/bootstrap.min.js HTTP/1.1" 200 50731
"GET /static/vendor/bootstrap/js/bootstrap.min.js HTTP/1.1" 200 50731
"GET /static/img/meeting.jpg HTTP/1.1" 404 1671
"GET /static/img/meeting.jpg HTTP/1.1" 404 1671
"GET / HTTP/1.1" 200 7358
"GET / HTTP/1.1" 200 7358
"GET /static/img/logo-small.png HTTP/1.1" 200 9540
"GET /static/img/logo-small.png HTTP/1.1" 200 9540
"GET /static/img/meeting.jpg HTTP/1.1" 404 1671
"GET /static/img/meeting.jpg HTTP/1.1" 404 1671
"GET / HTTP/1.1" 200 7358
"GET / HTTP/1.1" 200 7358
"GET /static/img/logo-small.png HTTP/1.1" 200 6755
"GET /static/img/logo-small.png HTTP/1.1" 200 6755
"GET /static/img/meeting.jpg HTTP/1.1" 404 1671
"GET /static/img/meeting.jpg HTTP/1.1" 404 1671
"GET /static/vendor/bootstrap/js/bootstrap.min.js.map HTTP/1.1" 404 1746
"GET /static/vendor/bootstrap/js/bootstrap.min.js.map HTTP/1.1" 404 1746
"GET /static/vendor/popper.js/umd/popper.min.js.map HTTP/1.1" 404 1740
"GET /static/vendor/popper.js/umd/popper.min.js.map HTTP/1.1" 404 1740
"GET /static/vendor/bootstrap-select/js/bootstrap-select.js.map HTTP/1.1" 404 1776
"GET /static/vendor/bootstrap-select/js/bootstrap-select.js.map HTTP/1.1" 404 1776
"GET /static/vendor/bootstrap/css/bootstrap.min.css.map HTTP/1.1" 404 1752
"GET /static/vendor/bootstrap/css/bootstrap.min.css.map HTTP/1.1" 404 1752
"GET /employee/register HTTP/1.1" 200 9327
"GET /employee/register HTTP/1.1" 200 9327
"GET /static/img/logo-small.png HTTP/1.1" 304 0
"GET /static/img/logo-small.png HTTP/1.1" 304 0
"GET /static/vendor/bootstrap/css/bootstrap.min.css.map HTTP/1.1" 404 1752
"GET /static/vendor/bootstrap/css/bootstrap.min.css.map HTTP/1.1" 404 1752
"GET /static/vendor/popper.js/umd/popper.min.js.map HTTP/1.1" 404 1740
"GET /static/vendor/popper.js/umd/popper.min.js.map HTTP/1.1" 404 1740
"GET /static/vendor/bootstrap/js/bootstrap.min.js.map HTTP/1.1" 404 1746
"GET /static/vendor/bootstrap/js/bootstrap.min.js.map HTTP/1.1" 404 1746
"GET /static/vendor/bootstrap-select/js/bootstrap-select.js.map HTTP/1.1" 404 1776
"GET /static/vendor/bootstrap-select/js/bootstrap-select.js.map HTTP/1.1" 404 1776
Not Found: /employee/favicon.png
Not Found: /employee/favicon.png
"GET /employee/favicon.png HTTP/1.1" 404 4422
"GET /employee/favicon.png HTTP/1.1" 404 4422
"GET /employee/register HTTP/1.1" 200 9327
"GET /employee/register HTTP/1.1" 200 9327
"GET /static/img/logo-small.png HTTP/1.1" 304 0
"GET /static/img/logo-small.png HTTP/1.1" 304 0
"GET /static/vendor/bootstrap/css/bootstrap.min.css.map HTTP/1.1" 404 1752
"GET /static/vendor/bootstrap/css/bootstrap.min.css.map HTTP/1.1" 404 1752
"GET /static/vendor/popper.js/umd/popper.min.js.map HTTP/1.1" 404 1740
"GET /static/vendor/popper.js/umd/popper.min.js.map HTTP/1.1" 404 1740
"GET /static/vendor/bootstrap-select/js/bootstrap-select.js.map HTTP/1.1" 404 1776
"GET /static/vendor/bootstrap-select/js/bootstrap-select.js.map HTTP/1.1" 404 1776
"GET /static/vendor/bootstrap/js/bootstrap.min.js.map HTTP/1.1" 404 1746
"GET /static/vendor/bootstrap/js/bootstrap.min.js.map HTTP/1.1" 404 1746
"GET / HTTP/1.1" 200 7358
"GET / HTTP/1.1" 200 7358
"GET /static/img/meeting.jpg HTTP/1.1" 404 1671
"GET /static/img/meeting.jpg HTTP/1.1" 404 1671
"GET / HTTP/1.1" 200 7358
"GET / HTTP/1.1" 200 7358
"GET /static/img/meeting.jpg HTTP/1.1" 404 1671
"GET /static/img/meeting.jpg HTTP/1.1" 404 1671
"GET / HTTP/1.1" 200 7358
"GET / HTTP/1.1" 200 7358
"GET /static/vendor/bootstrap/css/bootstrap.min.css HTTP/1.1" 200 140930
"GET /static/vendor/bootstrap/css/bootstrap.min.css HTTP/1.1" 200 140930
"GET /static/vendor/jquery/jquery.min.js HTTP/1.1" 200 86927
"GET /static/vendor/jquery/jquery.min.js HTTP/1.1" 200 86927
"GET /static/vendor/popper.js/umd/popper.min.js HTTP/1.1" 200 20337
"GET /static/vendor/popper.js/umd/popper.min.js HTTP/1.1" 200 20337
"GET /static/vendor/owl.carousel/assets/owl.carousel.css HTTP/1.1" 200 4744
"GET /static/vendor/bootstrap/js/bootstrap.min.js HTTP/1.1" 200 50731
"GET /static/vendor/bootstrap/js/bootstrap.min.js HTTP/1.1" 200 50731
"GET /static/vendor/owl.carousel/owl.carousel.min.js HTTP/1.1" 200 44342
"GET /static/vendor/owl.carousel/owl.carousel.min.js HTTP/1.1" 200 44342
"GET /static/vendor/owl.carousel/assets/owl.carousel.css HTTP/1.1" 200 4744
"GET /static/vendor/bootstrap-select/js/bootstrap-select.min.js HTTP/1.1" 200 44448
"GET /static/vendor/bootstrap-select/js/bootstrap-select.min.js HTTP/1.1" 200 44448
"GET /static/js/front.js HTTP/1.1" 200 8053
"GET /static/js/front.js HTTP/1.1" 200 8053
"GET /static/img/logo-small.png HTTP/1.1" 200 6755
"GET /static/img/logo-small.png HTTP/1.1" 200 6755
"GET /static/vendor/jquery.cookie/jquery.cookie.js HTTP/1.1" 200 3121
"GET /static/vendor/jquery.cookie/jquery.cookie.js HTTP/1.1" 200 3121
"GET /static/vendor/font-awesome/css/font-awesome.min.css HTTP/1.1" 200 31396
"GET /static/vendor/font-awesome/css/font-awesome.min.css HTTP/1.1" 200 31396
"GET /static/css/style.default.css HTTP/1.1" 200 57334
"GET /static/css/style.default.css HTTP/1.1" 200 57334
"GET /static/vendor/owl.carousel/assets/owl.theme.default.css HTTP/1.1" 200 1380
"GET /static/vendor/owl.carousel/assets/owl.theme.default.css HTTP/1.1" 200 1380
"GET /static/css/custom.css HTTP/1.1" 200 25
"GET /static/css/custom.css HTTP/1.1" 200 25
"GET /static/img/meeting.jpg HTTP/1.1" 404 1671
"GET /static/img/meeting.jpg HTTP/1.1" 404 1671
"GET / HTTP/1.1" 200 7358
"GET / HTTP/1.1" 200 7358
"GET /static/css/style.default.css HTTP/1.1" 304 0
"GET /static/css/style.default.css HTTP/1.1" 304 0
"GET /static/img/logo-small.png HTTP/1.1" 200 2887386
"GET /static/img/logo-small.png HTTP/1.1" 200 2887386
"GET / HTTP/1.1" 200 7358
"GET / HTTP/1.1" 200 7358
"GET /static/css/style.default.css HTTP/1.1" 304 0
"GET /static/css/style.default.css HTTP/1.1" 304 0
"GET /static/img/logo-small.png HTTP/1.1" 200 43396
"GET /static/img/logo-small.png HTTP/1.1" 200 43396
"GET / HTTP/1.1" 200 7358
"GET / HTTP/1.1" 200 7358
"GET /static/img/logo-small.png HTTP/1.1" 304 0
"GET /static/img/logo-small.png HTTP/1.1" 304 0
"GET / HTTP/1.1" 200 7358
"GET / HTTP/1.1" 200 7358
"GET /static/img/logo-small.png HTTP/1.1" 304 0
"GET /static/img/logo-small.png HTTP/1.1" 304 0
"GET / HTTP/1.1" 200 7358
"GET / HTTP/1.1" 200 7358
"GET / HTTP/1.1" 200 7358
"GET / HTTP/1.1" 200 7358
"GET /static/css/style.default.css HTTP/1.1" 304 0
"GET /static/css/style.default.css HTTP/1.1" 304 0
"GET /static/img/logo-small.png HTTP/1.1" 304 0
"GET /static/img/logo-small.png HTTP/1.1" 304 0
"GET / HTTP/1.1" 200 7358
"GET / HTTP/1.1" 200 7358
"GET / HTTP/1.1" 200 7358
"GET / HTTP/1.1" 200 7358
"GET / HTTP/1.1" 200 7358
"GET / HTTP/1.1" 200 7358
"GET / HTTP/1.1" 200 7358
"GET / HTTP/1.1" 200 7358
"GET /static/vendor/bootstrap/css/bootstrap.min.css HTTP/1.1" 200 140930
"GET /static/vendor/bootstrap/css/bootstrap.min.css HTTP/1.1" 200 140930
"GET /static/vendor/jquery/jquery.min.js HTTP/1.1" 200 86927
"GET /static/vendor/jquery/jquery.min.js HTTP/1.1" 200 86927
"GET /static/vendor/owl.carousel/assets/owl.carousel.css HTTP/1.1" 200 4744
"GET /static/vendor/owl.carousel/assets/owl.carousel.css HTTP/1.1" 200 4744
"GET /static/vendor/popper.js/umd/popper.min.js HTTP/1.1" 200 20337
"GET /static/vendor/popper.js/umd/popper.min.js HTTP/1.1" 200 20337
"GET /static/vendor/bootstrap/js/bootstrap.min.js HTTP/1.1" 200 50731
"GET /static/vendor/bootstrap/js/bootstrap.min.js HTTP/1.1" 200 50731
"GET /static/vendor/jquery.cookie/jquery.cookie.js HTTP/1.1" 200 3121
"GET /static/vendor/jquery.cookie/jquery.cookie.js HTTP/1.1" 200 3121
"GET /static/vendor/owl.carousel/owl.carousel.min.js HTTP/1.1" 200 44342
"GET /static/vendor/owl.carousel/owl.carousel.min.js HTTP/1.1" 200 44342
"GET /static/vendor/font-awesome/css/font-awesome.min.css HTTP/1.1" 200 31396
"GET /static/vendor/font-awesome/css/font-awesome.min.css HTTP/1.1" 200 31396
"GET /static/js/front.js HTTP/1.1" 200 8053
"GET /static/js/front.js HTTP/1.1" 200 8053
"GET /static/vendor/owl.carousel/assets/owl.theme.default.css HTTP/1.1" 200 1380
"GET /static/vendor/owl.carousel/assets/owl.theme.default.css HTTP/1.1" 200 1380
"GET /static/img/logo-small.png HTTP/1.1" 200 6755
"GET /static/img/logo-small.png HTTP/1.1" 200 6755
"GET /static/css/custom.css HTTP/1.1" 200 25
"GET /static/css/custom.css HTTP/1.1" 200 25
"GET /static/css/style.default.css HTTP/1.1" 200 57334
"GET /static/css/style.default.css HTTP/1.1" 200 57334
"GET /static/vendor/bootstrap-select/js/bootstrap-select.min.js HTTP/1.1" 200 44448
"GET /static/vendor/bootstrap-select/js/bootstrap-select.min.js HTTP/1.1" 200 44448
"GET /static/img/meeting.jpg HTTP/1.1" 404 1671
"GET /static/img/meeting.jpg HTTP/1.1" 404 1671
